<?xml version="1.0" encoding="UTF-8"?>
<!-- Generated by org.testng.reporters.JUnitReportReporter -->
<testsuite skipped="0" hostname="DESKTOP-PJPVUS5" name="com.Freecrm.test.Contactstest" tests="8" failures="0" timestamp="28 Jan 2021 23:15:55 GMT" time="23.118" errors="0">
  <testcase name="login" time="3.438" classname="com.Freecrm.test.Contactstest"/>
  <testcase name="validateUname" time="0.084" classname="com.Freecrm.test.Contactstest"/>
  <testcase name="createnewcontact" time="3.178" classname="com.Freecrm.test.Contactstest"/>
  <testcase name="createcontact" time="3.328" classname="com.Freecrm.test.Contactstest"/>
  <testcase name="createcontact" time="3.348" classname="com.Freecrm.test.Contactstest"/>
  <testcase name="createcontact" time="3.439" classname="com.Freecrm.test.Contactstest"/>
  <testcase name="createcontact" time="3.194" classname="com.Freecrm.test.Contactstest"/>
  <testcase name="createcontact" time="3.109" classname="com.Freecrm.test.Contactstest"/>
</testsuite> <!-- com.Freecrm.test.Contactstest -->
