<?xml version="1.0" encoding="UTF-8"?>
<!-- Generated by org.testng.reporters.JUnitReportReporter -->
<testsuite skipped="0" hostname="DESKTOP-PJPVUS5" name="com.Freecrm.test.Tasktest" tests="8" failures="0" timestamp="30 Jan 2021 22:06:32 GMT" time="17.737" errors="0">
  <testcase name="login" time="3.266" classname="com.Freecrm.test.Tasktest"/>
  <testcase name="validateUname" time="0.130" classname="com.Freecrm.test.Tasktest"/>
  <testcase name="createnewtask" time="2.421" classname="com.Freecrm.test.Tasktest"/>
  <testcase name="createtask" time="2.371" classname="com.Freecrm.test.Tasktest"/>
  <testcase name="createtask" time="2.400" classname="com.Freecrm.test.Tasktest"/>
  <testcase name="createtask" time="2.237" classname="com.Freecrm.test.Tasktest"/>
  <testcase name="createtask" time="2.390" classname="com.Freecrm.test.Tasktest"/>
  <testcase name="createtask" time="2.522" classname="com.Freecrm.test.Tasktest"/>
</testsuite> <!-- com.Freecrm.test.Tasktest -->
