<?xml version="1.0" encoding="UTF-8"?>
<!-- Generated by org.testng.reporters.JUnitReportReporter -->
<testsuite skipped="0" hostname="DESKTOP-PJPVUS5" name="com.Freecrm.test.Logintest" tests="4" failures="0" timestamp="28 Jan 2021 19:59:26 GMT" time="4.476" errors="0">
  <testcase name="URL" time="2.252" classname="com.Freecrm.test.Logintest"/>
  <testcase name="Title" time="0.033" classname="com.Freecrm.test.Logintest"/>
  <testcase name="Logo" time="0.098" classname="com.Freecrm.test.Logintest"/>
  <testcase name="login" time="2.093" classname="com.Freecrm.test.Logintest"/>
</testsuite> <!-- com.Freecrm.test.Logintest -->
