<?xml version="1.0" encoding="UTF-8"?>
<!-- Generated by org.testng.reporters.JUnitReportReporter -->
<testsuite skipped="0" hostname="DESKTOP-PJPVUS5" name="com.Freecrm.test.Calendertest" tests="8" failures="0" timestamp="29 Jan 2021 20:23:34 GMT" time="23.012" errors="0">
  <testcase name="login" time="3.381" classname="com.Freecrm.test.Calendertest"/>
  <testcase name="validateUname" time="0.151" classname="com.Freecrm.test.Calendertest"/>
  <testcase name="createnewcalender" time="3.411" classname="com.Freecrm.test.Calendertest"/>
  <testcase name="createcalender" time="3.304" classname="com.Freecrm.test.Calendertest"/>
  <testcase name="createcalender" time="3.266" classname="com.Freecrm.test.Calendertest"/>
  <testcase name="createcalender" time="3.287" classname="com.Freecrm.test.Calendertest"/>
  <testcase name="createcalender" time="3.111" classname="com.Freecrm.test.Calendertest"/>
  <testcase name="createcalender" time="3.101" classname="com.Freecrm.test.Calendertest"/>
</testsuite> <!-- com.Freecrm.test.Calendertest -->
