<?xml version="1.0" encoding="UTF-8"?>
<!-- Generated by org.testng.reporters.JUnitReportReporter -->
<testsuite skipped="0" hostname="DESKTOP-PJPVUS5" name="com.Freecrm.test.Companiestest" tests="8" failures="0" timestamp="29 Jan 2021 19:21:40 GMT" time="25.066" errors="0">
  <testcase name="login" time="3.216" classname="com.Freecrm.test.Companiestest"/>
  <testcase name="validateUname" time="0.153" classname="com.Freecrm.test.Companiestest"/>
  <testcase name="createnewcontact" time="2.970" classname="com.Freecrm.test.Companiestest"/>
  <testcase name="createcompanies" time="3.788" classname="com.Freecrm.test.Companiestest"/>
  <testcase name="createcompanies" time="3.891" classname="com.Freecrm.test.Companiestest"/>
  <testcase name="createcompanies" time="3.617" classname="com.Freecrm.test.Companiestest"/>
  <testcase name="createcompanies" time="3.586" classname="com.Freecrm.test.Companiestest"/>
  <testcase name="createcompanies" time="3.845" classname="com.Freecrm.test.Companiestest"/>
</testsuite> <!-- com.Freecrm.test.Companiestest -->
